[2025-04-29 02:55:16] local.ERROR: cURL error 7: Failed to connect to localhost port 8000 after 0 ms: Could not connect to server (see https://curl.haxx.se/libcurl/c/libcurl-errors.html) for http://localhost:8000/api/red-packet/1/grab {"exception":"[object] (Illuminate\\Http\\Client\\ConnectionException(code: 0): cURL error 7: Failed to connect to localhost port 8000 after 0 ms: Could not connect to server (see https://curl.haxx.se/libcurl/c/libcurl-errors.html) for http://localhost:8000/api/red-packet/1/grab at /Users/leo/Desktop/Laravel/red-packet-laravel10/vendor/laravel/framework/src/Illuminate/Http/Client/PendingRequest.php:930)
[stacktrace]
#0 /Users/leo/Desktop/Laravel/red-packet-laravel10/vendor/laravel/framework/src/Illuminate/Support/helpers.php(261): Illuminate\\Http\\Client\\PendingRequest->{closure:Illuminate\\Http\\Client\\PendingRequest::send():892}(1)
#1 /Users/leo/Desktop/Laravel/red-packet-laravel10/vendor/laravel/framework/src/Illuminate/Http/Client/PendingRequest.php(892): retry(0, Object(Closure), 100, Object(Closure))
#2 /Users/leo/Desktop/Laravel/red-packet-laravel10/vendor/laravel/framework/src/Illuminate/Http/Client/PendingRequest.php(798): Illuminate\\Http\\Client\\PendingRequest->send('POST', 'http://localhos...', Array)
#3 /Users/leo/Desktop/Laravel/red-packet-laravel10/vendor/laravel/framework/src/Illuminate/Http/Client/Factory.php(461): Illuminate\\Http\\Client\\PendingRequest->post('http://localhos...', Array)
#4 /Users/leo/Desktop/Laravel/red-packet-laravel10/vendor/laravel/framework/src/Illuminate/Support/Facades/Facade.php(355): Illuminate\\Http\\Client\\Factory->__call('post', Array)
#5 /Users/leo/Desktop/Laravel/red-packet-laravel10/database/seeders/RedPacketSimulationSeeder.php(14): Illuminate\\Support\\Facades\\Facade::__callStatic('post', Array)
#6 /Users/leo/Desktop/Laravel/red-packet-laravel10/vendor/laravel/framework/src/Illuminate/Container/BoundMethod.php(36): Database\\Seeders\\RedPacketSimulationSeeder->run()
#7 /Users/leo/Desktop/Laravel/red-packet-laravel10/vendor/laravel/framework/src/Illuminate/Container/Util.php(41): Illuminate\\Container\\BoundMethod::{closure:Illuminate\\Container\\BoundMethod::call():35}()
#8 /Users/leo/Desktop/Laravel/red-packet-laravel10/vendor/laravel/framework/src/Illuminate/Container/BoundMethod.php(93): Illuminate\\Container\\Util::unwrapIfClosure(Object(Closure))
#9 /Users/leo/Desktop/Laravel/red-packet-laravel10/vendor/laravel/framework/src/Illuminate/Container/BoundMethod.php(35): Illuminate\\Container\\BoundMethod::callBoundMethod(Object(Illuminate\\Foundation\\Application), Array, Object(Closure))
#10 /Users/leo/Desktop/Laravel/red-packet-laravel10/vendor/laravel/framework/src/Illuminate/Container/Container.php(662): Illuminate\\Container\\BoundMethod::call(Object(Illuminate\\Foundation\\Application), Array, Array, NULL)
#11 /Users/leo/Desktop/Laravel/red-packet-laravel10/vendor/laravel/framework/src/Illuminate/Database/Seeder.php(184): Illuminate\\Container\\Container->call(Array, Array)
#12 /Users/leo/Desktop/Laravel/red-packet-laravel10/vendor/laravel/framework/src/Illuminate/Database/Seeder.php(193): Illuminate\\Database\\Seeder->{closure:Illuminate\\Database\\Seeder::__invoke():183}()
#13 /Users/leo/Desktop/Laravel/red-packet-laravel10/vendor/laravel/framework/src/Illuminate/Database/Seeder.php(61): Illuminate\\Database\\Seeder->__invoke(Array)
#14 /Users/leo/Desktop/Laravel/red-packet-laravel10/database/seeders/DatabaseSeeder.php(15): Illuminate\\Database\\Seeder->call('Database\\\\Seeder...')
#15 /Users/leo/Desktop/Laravel/red-packet-laravel10/vendor/laravel/framework/src/Illuminate/Container/BoundMethod.php(36): Database\\Seeders\\DatabaseSeeder->run()
#16 /Users/leo/Desktop/Laravel/red-packet-laravel10/vendor/laravel/framework/src/Illuminate/Container/Util.php(41): Illuminate\\Container\\BoundMethod::{closure:Illuminate\\Container\\BoundMethod::call():35}()
#17 /Users/leo/Desktop/Laravel/red-packet-laravel10/vendor/laravel/framework/src/Illuminate/Container/BoundMethod.php(93): Illuminate\\Container\\Util::unwrapIfClosure(Object(Closure))
#18 /Users/leo/Desktop/Laravel/red-packet-laravel10/vendor/laravel/framework/src/Illuminate/Container/BoundMethod.php(35): Illuminate\\Container\\BoundMethod::callBoundMethod(Object(Illuminate\\Foundation\\Application), Array, Object(Closure))
#19 /Users/leo/Desktop/Laravel/red-packet-laravel10/vendor/laravel/framework/src/Illuminate/Container/Container.php(662): Illuminate\\Container\\BoundMethod::call(Object(Illuminate\\Foundation\\Application), Array, Array, NULL)
#20 /Users/leo/Desktop/Laravel/red-packet-laravel10/vendor/laravel/framework/src/Illuminate/Database/Seeder.php(184): Illuminate\\Container\\Container->call(Array, Array)
#21 /Users/leo/Desktop/Laravel/red-packet-laravel10/vendor/laravel/framework/src/Illuminate/Database/Seeder.php(193): Illuminate\\Database\\Seeder->{closure:Illuminate\\Database\\Seeder::__invoke():183}()
#22 /Users/leo/Desktop/Laravel/red-packet-laravel10/vendor/laravel/framework/src/Illuminate/Database/Console/Seeds/SeedCommand.php(70): Illuminate\\Database\\Seeder->__invoke()
#23 /Users/leo/Desktop/Laravel/red-packet-laravel10/vendor/laravel/framework/src/Illuminate/Database/Eloquent/Concerns/GuardsAttributes.php(155): Illuminate\\Database\\Console\\Seeds\\SeedCommand->{closure:Illuminate\\Database\\Console\\Seeds\\SeedCommand::handle():69}()
#24 /Users/leo/Desktop/Laravel/red-packet-laravel10/vendor/laravel/framework/src/Illuminate/Database/Console/Seeds/SeedCommand.php(69): Illuminate\\Database\\Eloquent\\Model::unguarded(Object(Closure))
#25 /Users/leo/Desktop/Laravel/red-packet-laravel10/vendor/laravel/framework/src/Illuminate/Container/BoundMethod.php(36): Illuminate\\Database\\Console\\Seeds\\SeedCommand->handle()
#26 /Users/leo/Desktop/Laravel/red-packet-laravel10/vendor/laravel/framework/src/Illuminate/Container/Util.php(41): Illuminate\\Container\\BoundMethod::{closure:Illuminate\\Container\\BoundMethod::call():35}()
#27 /Users/leo/Desktop/Laravel/red-packet-laravel10/vendor/laravel/framework/src/Illuminate/Container/BoundMethod.php(93): Illuminate\\Container\\Util::unwrapIfClosure(Object(Closure))
#28 /Users/leo/Desktop/Laravel/red-packet-laravel10/vendor/laravel/framework/src/Illuminate/Container/BoundMethod.php(35): Illuminate\\Container\\BoundMethod::callBoundMethod(Object(Illuminate\\Foundation\\Application), Array, Object(Closure))
#29 /Users/leo/Desktop/Laravel/red-packet-laravel10/vendor/laravel/framework/src/Illuminate/Container/Container.php(662): Illuminate\\Container\\BoundMethod::call(Object(Illuminate\\Foundation\\Application), Array, Array, NULL)
#30 /Users/leo/Desktop/Laravel/red-packet-laravel10/vendor/laravel/framework/src/Illuminate/Console/Command.php(211): Illuminate\\Container\\Container->call(Array)
#31 /Users/leo/Desktop/Laravel/red-packet-laravel10/vendor/symfony/console/Command/Command.php(326): Illuminate\\Console\\Command->execute(Object(Symfony\\Component\\Console\\Input\\ArgvInput), Object(Illuminate\\Console\\OutputStyle))
#32 /Users/leo/Desktop/Laravel/red-packet-laravel10/vendor/laravel/framework/src/Illuminate/Console/Command.php(180): Symfony\\Component\\Console\\Command\\Command->run(Object(Symfony\\Component\\Console\\Input\\ArgvInput), Object(Illuminate\\Console\\OutputStyle))
#33 /Users/leo/Desktop/Laravel/red-packet-laravel10/vendor/symfony/console/Application.php(1096): Illuminate\\Console\\Command->run(Object(Symfony\\Component\\Console\\Input\\ArgvInput), Object(Symfony\\Component\\Console\\Output\\ConsoleOutput))
#34 /Users/leo/Desktop/Laravel/red-packet-laravel10/vendor/symfony/console/Application.php(324): Symfony\\Component\\Console\\Application->doRunCommand(Object(Illuminate\\Database\\Console\\Seeds\\SeedCommand), Object(Symfony\\Component\\Console\\Input\\ArgvInput), Object(Symfony\\Component\\Console\\Output\\ConsoleOutput))
#35 /Users/leo/Desktop/Laravel/red-packet-laravel10/vendor/symfony/console/Application.php(175): Symfony\\Component\\Console\\Application->doRun(Object(Symfony\\Component\\Console\\Input\\ArgvInput), Object(Symfony\\Component\\Console\\Output\\ConsoleOutput))
#36 /Users/leo/Desktop/Laravel/red-packet-laravel10/vendor/laravel/framework/src/Illuminate/Foundation/Console/Kernel.php(201): Symfony\\Component\\Console\\Application->run(Object(Symfony\\Component\\Console\\Input\\ArgvInput), Object(Symfony\\Component\\Console\\Output\\ConsoleOutput))
#37 /Users/leo/Desktop/Laravel/red-packet-laravel10/artisan(35): Illuminate\\Foundation\\Console\\Kernel->handle(Object(Symfony\\Component\\Console\\Input\\ArgvInput), Object(Symfony\\Component\\Console\\Output\\ConsoleOutput))
#38 {main}

[previous exception] [object] (GuzzleHttp\\Exception\\ConnectException(code: 0): cURL error 7: Failed to connect to localhost port 8000 after 0 ms: Could not connect to server (see https://curl.haxx.se/libcurl/c/libcurl-errors.html) for http://localhost:8000/api/red-packet/1/grab at /Users/leo/Desktop/Laravel/red-packet-laravel10/vendor/guzzlehttp/guzzle/src/Handler/CurlFactory.php:275)
[stacktrace]
#0 /Users/leo/Desktop/Laravel/red-packet-laravel10/vendor/guzzlehttp/guzzle/src/Handler/CurlFactory.php(205): GuzzleHttp\\Handler\\CurlFactory::createRejection(Object(GuzzleHttp\\Handler\\EasyHandle), Array)
#1 /Users/leo/Desktop/Laravel/red-packet-laravel10/vendor/guzzlehttp/guzzle/src/Handler/CurlFactory.php(157): GuzzleHttp\\Handler\\CurlFactory::finishError(Object(GuzzleHttp\\Handler\\CurlHandler), Object(GuzzleHttp\\Handler\\EasyHandle), Object(GuzzleHttp\\Handler\\CurlFactory))
#2 /Users/leo/Desktop/Laravel/red-packet-laravel10/vendor/guzzlehttp/guzzle/src/Handler/CurlHandler.php(47): GuzzleHttp\\Handler\\CurlFactory::finish(Object(GuzzleHttp\\Handler\\CurlHandler), Object(GuzzleHttp\\Handler\\EasyHandle), Object(GuzzleHttp\\Handler\\CurlFactory))
#3 /Users/leo/Desktop/Laravel/red-packet-laravel10/vendor/guzzlehttp/guzzle/src/Handler/Proxy.php(28): GuzzleHttp\\Handler\\CurlHandler->__invoke(Object(GuzzleHttp\\Psr7\\Request), Array)
#4 /Users/leo/Desktop/Laravel/red-packet-laravel10/vendor/guzzlehttp/guzzle/src/Handler/Proxy.php(48): GuzzleHttp\\Handler\\Proxy::{closure:GuzzleHttp\\Handler\\Proxy::wrapSync():27}(Object(GuzzleHttp\\Psr7\\Request), Array)
#5 /Users/leo/Desktop/Laravel/red-packet-laravel10/vendor/laravel/framework/src/Illuminate/Http/Client/PendingRequest.php(1256): GuzzleHttp\\Handler\\Proxy::{closure:GuzzleHttp\\Handler\\Proxy::wrapStreaming():47}(Object(GuzzleHttp\\Psr7\\Request), Array)
#6 /Users/leo/Desktop/Laravel/red-packet-laravel10/vendor/laravel/framework/src/Illuminate/Http/Client/PendingRequest.php(1222): Illuminate\\Http\\Client\\PendingRequest->{closure:{closure:Illuminate\\Http\\Client\\PendingRequest::buildStubHandler():1243}:1244}(Object(GuzzleHttp\\Psr7\\Request), Array)
#7 /Users/leo/Desktop/Laravel/red-packet-laravel10/vendor/laravel/framework/src/Illuminate/Http/Client/PendingRequest.php(1208): Illuminate\\Http\\Client\\PendingRequest->{closure:{closure:Illuminate\\Http\\Client\\PendingRequest::buildRecorderHandler():1220}:1221}(Object(GuzzleHttp\\Psr7\\Request), Array)
#8 /Users/leo/Desktop/Laravel/red-packet-laravel10/vendor/guzzlehttp/guzzle/src/PrepareBodyMiddleware.php(64): Illuminate\\Http\\Client\\PendingRequest->{closure:{closure:Illuminate\\Http\\Client\\PendingRequest::buildBeforeSendingHandler():1206}:1207}(Object(GuzzleHttp\\Psr7\\Request), Array)
#9 /Users/leo/Desktop/Laravel/red-packet-laravel10/vendor/guzzlehttp/guzzle/src/Middleware.php(38): GuzzleHttp\\PrepareBodyMiddleware->__invoke(Object(GuzzleHttp\\Psr7\\Request), Array)
#10 /Users/leo/Desktop/Laravel/red-packet-laravel10/vendor/guzzlehttp/guzzle/src/RedirectMiddleware.php(71): GuzzleHttp\\Middleware::{closure:{closure:GuzzleHttp\\Middleware::cookies():28}:29}(Object(GuzzleHttp\\Psr7\\Request), Array)
#11 /Users/leo/Desktop/Laravel/red-packet-laravel10/vendor/guzzlehttp/guzzle/src/Middleware.php(63): GuzzleHttp\\RedirectMiddleware->__invoke(Object(GuzzleHttp\\Psr7\\Request), Array)
#12 /Users/leo/Desktop/Laravel/red-packet-laravel10/vendor/guzzlehttp/guzzle/src/HandlerStack.php(75): GuzzleHttp\\Middleware::{closure:{closure:GuzzleHttp\\Middleware::httpErrors():60}:61}(Object(GuzzleHttp\\Psr7\\Request), Array)
#13 /Users/leo/Desktop/Laravel/red-packet-laravel10/vendor/guzzlehttp/guzzle/src/Client.php(333): GuzzleHttp\\HandlerStack->__invoke(Object(GuzzleHttp\\Psr7\\Request), Array)
#14 /Users/leo/Desktop/Laravel/red-packet-laravel10/vendor/guzzlehttp/guzzle/src/Client.php(169): GuzzleHttp\\Client->transfer(Object(GuzzleHttp\\Psr7\\Request), Array)
#15 /Users/leo/Desktop/Laravel/red-packet-laravel10/vendor/guzzlehttp/guzzle/src/Client.php(189): GuzzleHttp\\Client->requestAsync('POST', Object(GuzzleHttp\\Psr7\\Uri), Array)
#16 /Users/leo/Desktop/Laravel/red-packet-laravel10/vendor/laravel/framework/src/Illuminate/Http/Client/PendingRequest.php(1053): GuzzleHttp\\Client->request('POST', 'http://localhos...', Array)
#17 /Users/leo/Desktop/Laravel/red-packet-laravel10/vendor/laravel/framework/src/Illuminate/Http/Client/PendingRequest.php(894): Illuminate\\Http\\Client\\PendingRequest->sendRequest('POST', 'http://localhos...', Array)
#18 /Users/leo/Desktop/Laravel/red-packet-laravel10/vendor/laravel/framework/src/Illuminate/Support/helpers.php(261): Illuminate\\Http\\Client\\PendingRequest->{closure:Illuminate\\Http\\Client\\PendingRequest::send():892}(1)
#19 /Users/leo/Desktop/Laravel/red-packet-laravel10/vendor/laravel/framework/src/Illuminate/Http/Client/PendingRequest.php(892): retry(0, Object(Closure), 100, Object(Closure))
#20 /Users/leo/Desktop/Laravel/red-packet-laravel10/vendor/laravel/framework/src/Illuminate/Http/Client/PendingRequest.php(798): Illuminate\\Http\\Client\\PendingRequest->send('POST', 'http://localhos...', Array)
#21 /Users/leo/Desktop/Laravel/red-packet-laravel10/vendor/laravel/framework/src/Illuminate/Http/Client/Factory.php(461): Illuminate\\Http\\Client\\PendingRequest->post('http://localhos...', Array)
#22 /Users/leo/Desktop/Laravel/red-packet-laravel10/vendor/laravel/framework/src/Illuminate/Support/Facades/Facade.php(355): Illuminate\\Http\\Client\\Factory->__call('post', Array)
#23 /Users/leo/Desktop/Laravel/red-packet-laravel10/database/seeders/RedPacketSimulationSeeder.php(14): Illuminate\\Support\\Facades\\Facade::__callStatic('post', Array)
#24 /Users/leo/Desktop/Laravel/red-packet-laravel10/vendor/laravel/framework/src/Illuminate/Container/BoundMethod.php(36): Database\\Seeders\\RedPacketSimulationSeeder->run()
#25 /Users/leo/Desktop/Laravel/red-packet-laravel10/vendor/laravel/framework/src/Illuminate/Container/Util.php(41): Illuminate\\Container\\BoundMethod::{closure:Illuminate\\Container\\BoundMethod::call():35}()
#26 /Users/leo/Desktop/Laravel/red-packet-laravel10/vendor/laravel/framework/src/Illuminate/Container/BoundMethod.php(93): Illuminate\\Container\\Util::unwrapIfClosure(Object(Closure))
#27 /Users/leo/Desktop/Laravel/red-packet-laravel10/vendor/laravel/framework/src/Illuminate/Container/BoundMethod.php(35): Illuminate\\Container\\BoundMethod::callBoundMethod(Object(Illuminate\\Foundation\\Application), Array, Object(Closure))
#28 /Users/leo/Desktop/Laravel/red-packet-laravel10/vendor/laravel/framework/src/Illuminate/Container/Container.php(662): Illuminate\\Container\\BoundMethod::call(Object(Illuminate\\Foundation\\Application), Array, Array, NULL)
#29 /Users/leo/Desktop/Laravel/red-packet-laravel10/vendor/laravel/framework/src/Illuminate/Database/Seeder.php(184): Illuminate\\Container\\Container->call(Array, Array)
#30 /Users/leo/Desktop/Laravel/red-packet-laravel10/vendor/laravel/framework/src/Illuminate/Database/Seeder.php(193): Illuminate\\Database\\Seeder->{closure:Illuminate\\Database\\Seeder::__invoke():183}()
#31 /Users/leo/Desktop/Laravel/red-packet-laravel10/vendor/laravel/framework/src/Illuminate/Database/Seeder.php(61): Illuminate\\Database\\Seeder->__invoke(Array)
#32 /Users/leo/Desktop/Laravel/red-packet-laravel10/database/seeders/DatabaseSeeder.php(15): Illuminate\\Database\\Seeder->call('Database\\\\Seeder...')
#33 /Users/leo/Desktop/Laravel/red-packet-laravel10/vendor/laravel/framework/src/Illuminate/Container/BoundMethod.php(36): Database\\Seeders\\DatabaseSeeder->run()
#34 /Users/leo/Desktop/Laravel/red-packet-laravel10/vendor/laravel/framework/src/Illuminate/Container/Util.php(41): Illuminate\\Container\\BoundMethod::{closure:Illuminate\\Container\\BoundMethod::call():35}()
#35 /Users/leo/Desktop/Laravel/red-packet-laravel10/vendor/laravel/framework/src/Illuminate/Container/BoundMethod.php(93): Illuminate\\Container\\Util::unwrapIfClosure(Object(Closure))
#36 /Users/leo/Desktop/Laravel/red-packet-laravel10/vendor/laravel/framework/src/Illuminate/Container/BoundMethod.php(35): Illuminate\\Container\\BoundMethod::callBoundMethod(Object(Illuminate\\Foundation\\Application), Array, Object(Closure))
#37 /Users/leo/Desktop/Laravel/red-packet-laravel10/vendor/laravel/framework/src/Illuminate/Container/Container.php(662): Illuminate\\Container\\BoundMethod::call(Object(Illuminate\\Foundation\\Application), Array, Array, NULL)
#38 /Users/leo/Desktop/Laravel/red-packet-laravel10/vendor/laravel/framework/src/Illuminate/Database/Seeder.php(184): Illuminate\\Container\\Container->call(Array, Array)
#39 /Users/leo/Desktop/Laravel/red-packet-laravel10/vendor/laravel/framework/src/Illuminate/Database/Seeder.php(193): Illuminate\\Database\\Seeder->{closure:Illuminate\\Database\\Seeder::__invoke():183}()
#40 /Users/leo/Desktop/Laravel/red-packet-laravel10/vendor/laravel/framework/src/Illuminate/Database/Console/Seeds/SeedCommand.php(70): Illuminate\\Database\\Seeder->__invoke()
#41 /Users/leo/Desktop/Laravel/red-packet-laravel10/vendor/laravel/framework/src/Illuminate/Database/Eloquent/Concerns/GuardsAttributes.php(155): Illuminate\\Database\\Console\\Seeds\\SeedCommand->{closure:Illuminate\\Database\\Console\\Seeds\\SeedCommand::handle():69}()
#42 /Users/leo/Desktop/Laravel/red-packet-laravel10/vendor/laravel/framework/src/Illuminate/Database/Console/Seeds/SeedCommand.php(69): Illuminate\\Database\\Eloquent\\Model::unguarded(Object(Closure))
#43 /Users/leo/Desktop/Laravel/red-packet-laravel10/vendor/laravel/framework/src/Illuminate/Container/BoundMethod.php(36): Illuminate\\Database\\Console\\Seeds\\SeedCommand->handle()
#44 /Users/leo/Desktop/Laravel/red-packet-laravel10/vendor/laravel/framework/src/Illuminate/Container/Util.php(41): Illuminate\\Container\\BoundMethod::{closure:Illuminate\\Container\\BoundMethod::call():35}()
#45 /Users/leo/Desktop/Laravel/red-packet-laravel10/vendor/laravel/framework/src/Illuminate/Container/BoundMethod.php(93): Illuminate\\Container\\Util::unwrapIfClosure(Object(Closure))
#46 /Users/leo/Desktop/Laravel/red-packet-laravel10/vendor/laravel/framework/src/Illuminate/Container/BoundMethod.php(35): Illuminate\\Container\\BoundMethod::callBoundMethod(Object(Illuminate\\Foundation\\Application), Array, Object(Closure))
#47 /Users/leo/Desktop/Laravel/red-packet-laravel10/vendor/laravel/framework/src/Illuminate/Container/Container.php(662): Illuminate\\Container\\BoundMethod::call(Object(Illuminate\\Foundation\\Application), Array, Array, NULL)
#48 /Users/leo/Desktop/Laravel/red-packet-laravel10/vendor/laravel/framework/src/Illuminate/Console/Command.php(211): Illuminate\\Container\\Container->call(Array)
#49 /Users/leo/Desktop/Laravel/red-packet-laravel10/vendor/symfony/console/Command/Command.php(326): Illuminate\\Console\\Command->execute(Object(Symfony\\Component\\Console\\Input\\ArgvInput), Object(Illuminate\\Console\\OutputStyle))
#50 /Users/leo/Desktop/Laravel/red-packet-laravel10/vendor/laravel/framework/src/Illuminate/Console/Command.php(180): Symfony\\Component\\Console\\Command\\Command->run(Object(Symfony\\Component\\Console\\Input\\ArgvInput), Object(Illuminate\\Console\\OutputStyle))
#51 /Users/leo/Desktop/Laravel/red-packet-laravel10/vendor/symfony/console/Application.php(1096): Illuminate\\Console\\Command->run(Object(Symfony\\Component\\Console\\Input\\ArgvInput), Object(Symfony\\Component\\Console\\Output\\ConsoleOutput))
#52 /Users/leo/Desktop/Laravel/red-packet-laravel10/vendor/symfony/console/Application.php(324): Symfony\\Component\\Console\\Application->doRunCommand(Object(Illuminate\\Database\\Console\\Seeds\\SeedCommand), Object(Symfony\\Component\\Console\\Input\\ArgvInput), Object(Symfony\\Component\\Console\\Output\\ConsoleOutput))
#53 /Users/leo/Desktop/Laravel/red-packet-laravel10/vendor/symfony/console/Application.php(175): Symfony\\Component\\Console\\Application->doRun(Object(Symfony\\Component\\Console\\Input\\ArgvInput), Object(Symfony\\Component\\Console\\Output\\ConsoleOutput))
#54 /Users/leo/Desktop/Laravel/red-packet-laravel10/vendor/laravel/framework/src/Illuminate/Foundation/Console/Kernel.php(201): Symfony\\Component\\Console\\Application->run(Object(Symfony\\Component\\Console\\Input\\ArgvInput), Object(Symfony\\Component\\Console\\Output\\ConsoleOutput))
#55 /Users/leo/Desktop/Laravel/red-packet-laravel10/artisan(35): Illuminate\\Foundation\\Console\\Kernel->handle(Object(Symfony\\Component\\Console\\Input\\ArgvInput), Object(Symfony\\Component\\Console\\Output\\ConsoleOutput))
#56 {main}
"} 
[2025-04-29 02:57:35] local.ERROR: cURL error 7: Failed to connect to localhost port 8000 after 0 ms: Could not connect to server (see https://curl.haxx.se/libcurl/c/libcurl-errors.html) for http://localhost:8000/api/red-packet/1/grab {"exception":"[object] (Illuminate\\Http\\Client\\ConnectionException(code: 0): cURL error 7: Failed to connect to localhost port 8000 after 0 ms: Could not connect to server (see https://curl.haxx.se/libcurl/c/libcurl-errors.html) for http://localhost:8000/api/red-packet/1/grab at /Users/leo/Desktop/Laravel/red-packet-laravel10/vendor/laravel/framework/src/Illuminate/Http/Client/PendingRequest.php:930)
[stacktrace]
#0 /Users/leo/Desktop/Laravel/red-packet-laravel10/vendor/laravel/framework/src/Illuminate/Support/helpers.php(261): Illuminate\\Http\\Client\\PendingRequest->{closure:Illuminate\\Http\\Client\\PendingRequest::send():892}(1)
#1 /Users/leo/Desktop/Laravel/red-packet-laravel10/vendor/laravel/framework/src/Illuminate/Http/Client/PendingRequest.php(892): retry(0, Object(Closure), 100, Object(Closure))
#2 /Users/leo/Desktop/Laravel/red-packet-laravel10/vendor/laravel/framework/src/Illuminate/Http/Client/PendingRequest.php(798): Illuminate\\Http\\Client\\PendingRequest->send('POST', 'http://localhos...', Array)
#3 /Users/leo/Desktop/Laravel/red-packet-laravel10/vendor/laravel/framework/src/Illuminate/Http/Client/Factory.php(461): Illuminate\\Http\\Client\\PendingRequest->post('http://localhos...', Array)
#4 /Users/leo/Desktop/Laravel/red-packet-laravel10/vendor/laravel/framework/src/Illuminate/Support/Facades/Facade.php(355): Illuminate\\Http\\Client\\Factory->__call('post', Array)
#5 /Users/leo/Desktop/Laravel/red-packet-laravel10/database/seeders/RedPacketSimulationSeeder.php(14): Illuminate\\Support\\Facades\\Facade::__callStatic('post', Array)
#6 /Users/leo/Desktop/Laravel/red-packet-laravel10/vendor/laravel/framework/src/Illuminate/Container/BoundMethod.php(36): Database\\Seeders\\RedPacketSimulationSeeder->run()
#7 /Users/leo/Desktop/Laravel/red-packet-laravel10/vendor/laravel/framework/src/Illuminate/Container/Util.php(41): Illuminate\\Container\\BoundMethod::{closure:Illuminate\\Container\\BoundMethod::call():35}()
#8 /Users/leo/Desktop/Laravel/red-packet-laravel10/vendor/laravel/framework/src/Illuminate/Container/BoundMethod.php(93): Illuminate\\Container\\Util::unwrapIfClosure(Object(Closure))
#9 /Users/leo/Desktop/Laravel/red-packet-laravel10/vendor/laravel/framework/src/Illuminate/Container/BoundMethod.php(35): Illuminate\\Container\\BoundMethod::callBoundMethod(Object(Illuminate\\Foundation\\Application), Array, Object(Closure))
#10 /Users/leo/Desktop/Laravel/red-packet-laravel10/vendor/laravel/framework/src/Illuminate/Container/Container.php(662): Illuminate\\Container\\BoundMethod::call(Object(Illuminate\\Foundation\\Application), Array, Array, NULL)
#11 /Users/leo/Desktop/Laravel/red-packet-laravel10/vendor/laravel/framework/src/Illuminate/Database/Seeder.php(184): Illuminate\\Container\\Container->call(Array, Array)
#12 /Users/leo/Desktop/Laravel/red-packet-laravel10/vendor/laravel/framework/src/Illuminate/Database/Seeder.php(193): Illuminate\\Database\\Seeder->{closure:Illuminate\\Database\\Seeder::__invoke():183}()
#13 /Users/leo/Desktop/Laravel/red-packet-laravel10/vendor/laravel/framework/src/Illuminate/Database/Seeder.php(61): Illuminate\\Database\\Seeder->__invoke(Array)
#14 /Users/leo/Desktop/Laravel/red-packet-laravel10/database/seeders/DatabaseSeeder.php(15): Illuminate\\Database\\Seeder->call('Database\\\\Seeder...')
#15 /Users/leo/Desktop/Laravel/red-packet-laravel10/vendor/laravel/framework/src/Illuminate/Container/BoundMethod.php(36): Database\\Seeders\\DatabaseSeeder->run()
#16 /Users/leo/Desktop/Laravel/red-packet-laravel10/vendor/laravel/framework/src/Illuminate/Container/Util.php(41): Illuminate\\Container\\BoundMethod::{closure:Illuminate\\Container\\BoundMethod::call():35}()
#17 /Users/leo/Desktop/Laravel/red-packet-laravel10/vendor/laravel/framework/src/Illuminate/Container/BoundMethod.php(93): Illuminate\\Container\\Util::unwrapIfClosure(Object(Closure))
#18 /Users/leo/Desktop/Laravel/red-packet-laravel10/vendor/laravel/framework/src/Illuminate/Container/BoundMethod.php(35): Illuminate\\Container\\BoundMethod::callBoundMethod(Object(Illuminate\\Foundation\\Application), Array, Object(Closure))
#19 /Users/leo/Desktop/Laravel/red-packet-laravel10/vendor/laravel/framework/src/Illuminate/Container/Container.php(662): Illuminate\\Container\\BoundMethod::call(Object(Illuminate\\Foundation\\Application), Array, Array, NULL)
#20 /Users/leo/Desktop/Laravel/red-packet-laravel10/vendor/laravel/framework/src/Illuminate/Database/Seeder.php(184): Illuminate\\Container\\Container->call(Array, Array)
#21 /Users/leo/Desktop/Laravel/red-packet-laravel10/vendor/laravel/framework/src/Illuminate/Database/Seeder.php(193): Illuminate\\Database\\Seeder->{closure:Illuminate\\Database\\Seeder::__invoke():183}()
#22 /Users/leo/Desktop/Laravel/red-packet-laravel10/vendor/laravel/framework/src/Illuminate/Database/Console/Seeds/SeedCommand.php(70): Illuminate\\Database\\Seeder->__invoke()
#23 /Users/leo/Desktop/Laravel/red-packet-laravel10/vendor/laravel/framework/src/Illuminate/Database/Eloquent/Concerns/GuardsAttributes.php(155): Illuminate\\Database\\Console\\Seeds\\SeedCommand->{closure:Illuminate\\Database\\Console\\Seeds\\SeedCommand::handle():69}()
#24 /Users/leo/Desktop/Laravel/red-packet-laravel10/vendor/laravel/framework/src/Illuminate/Database/Console/Seeds/SeedCommand.php(69): Illuminate\\Database\\Eloquent\\Model::unguarded(Object(Closure))
#25 /Users/leo/Desktop/Laravel/red-packet-laravel10/vendor/laravel/framework/src/Illuminate/Container/BoundMethod.php(36): Illuminate\\Database\\Console\\Seeds\\SeedCommand->handle()
#26 /Users/leo/Desktop/Laravel/red-packet-laravel10/vendor/laravel/framework/src/Illuminate/Container/Util.php(41): Illuminate\\Container\\BoundMethod::{closure:Illuminate\\Container\\BoundMethod::call():35}()
#27 /Users/leo/Desktop/Laravel/red-packet-laravel10/vendor/laravel/framework/src/Illuminate/Container/BoundMethod.php(93): Illuminate\\Container\\Util::unwrapIfClosure(Object(Closure))
#28 /Users/leo/Desktop/Laravel/red-packet-laravel10/vendor/laravel/framework/src/Illuminate/Container/BoundMethod.php(35): Illuminate\\Container\\BoundMethod::callBoundMethod(Object(Illuminate\\Foundation\\Application), Array, Object(Closure))
#29 /Users/leo/Desktop/Laravel/red-packet-laravel10/vendor/laravel/framework/src/Illuminate/Container/Container.php(662): Illuminate\\Container\\BoundMethod::call(Object(Illuminate\\Foundation\\Application), Array, Array, NULL)
#30 /Users/leo/Desktop/Laravel/red-packet-laravel10/vendor/laravel/framework/src/Illuminate/Console/Command.php(211): Illuminate\\Container\\Container->call(Array)
#31 /Users/leo/Desktop/Laravel/red-packet-laravel10/vendor/symfony/console/Command/Command.php(326): Illuminate\\Console\\Command->execute(Object(Symfony\\Component\\Console\\Input\\ArgvInput), Object(Illuminate\\Console\\OutputStyle))
#32 /Users/leo/Desktop/Laravel/red-packet-laravel10/vendor/laravel/framework/src/Illuminate/Console/Command.php(180): Symfony\\Component\\Console\\Command\\Command->run(Object(Symfony\\Component\\Console\\Input\\ArgvInput), Object(Illuminate\\Console\\OutputStyle))
#33 /Users/leo/Desktop/Laravel/red-packet-laravel10/vendor/symfony/console/Application.php(1096): Illuminate\\Console\\Command->run(Object(Symfony\\Component\\Console\\Input\\ArgvInput), Object(Symfony\\Component\\Console\\Output\\ConsoleOutput))
#34 /Users/leo/Desktop/Laravel/red-packet-laravel10/vendor/symfony/console/Application.php(324): Symfony\\Component\\Console\\Application->doRunCommand(Object(Illuminate\\Database\\Console\\Seeds\\SeedCommand), Object(Symfony\\Component\\Console\\Input\\ArgvInput), Object(Symfony\\Component\\Console\\Output\\ConsoleOutput))
#35 /Users/leo/Desktop/Laravel/red-packet-laravel10/vendor/symfony/console/Application.php(175): Symfony\\Component\\Console\\Application->doRun(Object(Symfony\\Component\\Console\\Input\\ArgvInput), Object(Symfony\\Component\\Console\\Output\\ConsoleOutput))
#36 /Users/leo/Desktop/Laravel/red-packet-laravel10/vendor/laravel/framework/src/Illuminate/Foundation/Console/Kernel.php(201): Symfony\\Component\\Console\\Application->run(Object(Symfony\\Component\\Console\\Input\\ArgvInput), Object(Symfony\\Component\\Console\\Output\\ConsoleOutput))
#37 /Users/leo/Desktop/Laravel/red-packet-laravel10/artisan(35): Illuminate\\Foundation\\Console\\Kernel->handle(Object(Symfony\\Component\\Console\\Input\\ArgvInput), Object(Symfony\\Component\\Console\\Output\\ConsoleOutput))
#38 {main}

[previous exception] [object] (GuzzleHttp\\Exception\\ConnectException(code: 0): cURL error 7: Failed to connect to localhost port 8000 after 0 ms: Could not connect to server (see https://curl.haxx.se/libcurl/c/libcurl-errors.html) for http://localhost:8000/api/red-packet/1/grab at /Users/leo/Desktop/Laravel/red-packet-laravel10/vendor/guzzlehttp/guzzle/src/Handler/CurlFactory.php:275)
[stacktrace]
#0 /Users/leo/Desktop/Laravel/red-packet-laravel10/vendor/guzzlehttp/guzzle/src/Handler/CurlFactory.php(205): GuzzleHttp\\Handler\\CurlFactory::createRejection(Object(GuzzleHttp\\Handler\\EasyHandle), Array)
#1 /Users/leo/Desktop/Laravel/red-packet-laravel10/vendor/guzzlehttp/guzzle/src/Handler/CurlFactory.php(157): GuzzleHttp\\Handler\\CurlFactory::finishError(Object(GuzzleHttp\\Handler\\CurlHandler), Object(GuzzleHttp\\Handler\\EasyHandle), Object(GuzzleHttp\\Handler\\CurlFactory))
#2 /Users/leo/Desktop/Laravel/red-packet-laravel10/vendor/guzzlehttp/guzzle/src/Handler/CurlHandler.php(47): GuzzleHttp\\Handler\\CurlFactory::finish(Object(GuzzleHttp\\Handler\\CurlHandler), Object(GuzzleHttp\\Handler\\EasyHandle), Object(GuzzleHttp\\Handler\\CurlFactory))
#3 /Users/leo/Desktop/Laravel/red-packet-laravel10/vendor/guzzlehttp/guzzle/src/Handler/Proxy.php(28): GuzzleHttp\\Handler\\CurlHandler->__invoke(Object(GuzzleHttp\\Psr7\\Request), Array)
#4 /Users/leo/Desktop/Laravel/red-packet-laravel10/vendor/guzzlehttp/guzzle/src/Handler/Proxy.php(48): GuzzleHttp\\Handler\\Proxy::{closure:GuzzleHttp\\Handler\\Proxy::wrapSync():27}(Object(GuzzleHttp\\Psr7\\Request), Array)
#5 /Users/leo/Desktop/Laravel/red-packet-laravel10/vendor/laravel/framework/src/Illuminate/Http/Client/PendingRequest.php(1256): GuzzleHttp\\Handler\\Proxy::{closure:GuzzleHttp\\Handler\\Proxy::wrapStreaming():47}(Object(GuzzleHttp\\Psr7\\Request), Array)
#6 /Users/leo/Desktop/Laravel/red-packet-laravel10/vendor/laravel/framework/src/Illuminate/Http/Client/PendingRequest.php(1222): Illuminate\\Http\\Client\\PendingRequest->{closure:{closure:Illuminate\\Http\\Client\\PendingRequest::buildStubHandler():1243}:1244}(Object(GuzzleHttp\\Psr7\\Request), Array)
#7 /Users/leo/Desktop/Laravel/red-packet-laravel10/vendor/laravel/framework/src/Illuminate/Http/Client/PendingRequest.php(1208): Illuminate\\Http\\Client\\PendingRequest->{closure:{closure:Illuminate\\Http\\Client\\PendingRequest::buildRecorderHandler():1220}:1221}(Object(GuzzleHttp\\Psr7\\Request), Array)
#8 /Users/leo/Desktop/Laravel/red-packet-laravel10/vendor/guzzlehttp/guzzle/src/PrepareBodyMiddleware.php(64): Illuminate\\Http\\Client\\PendingRequest->{closure:{closure:Illuminate\\Http\\Client\\PendingRequest::buildBeforeSendingHandler():1206}:1207}(Object(GuzzleHttp\\Psr7\\Request), Array)
#9 /Users/leo/Desktop/Laravel/red-packet-laravel10/vendor/guzzlehttp/guzzle/src/Middleware.php(38): GuzzleHttp\\PrepareBodyMiddleware->__invoke(Object(GuzzleHttp\\Psr7\\Request), Array)
#10 /Users/leo/Desktop/Laravel/red-packet-laravel10/vendor/guzzlehttp/guzzle/src/RedirectMiddleware.php(71): GuzzleHttp\\Middleware::{closure:{closure:GuzzleHttp\\Middleware::cookies():28}:29}(Object(GuzzleHttp\\Psr7\\Request), Array)
#11 /Users/leo/Desktop/Laravel/red-packet-laravel10/vendor/guzzlehttp/guzzle/src/Middleware.php(63): GuzzleHttp\\RedirectMiddleware->__invoke(Object(GuzzleHttp\\Psr7\\Request), Array)
#12 /Users/leo/Desktop/Laravel/red-packet-laravel10/vendor/guzzlehttp/guzzle/src/HandlerStack.php(75): GuzzleHttp\\Middleware::{closure:{closure:GuzzleHttp\\Middleware::httpErrors():60}:61}(Object(GuzzleHttp\\Psr7\\Request), Array)
#13 /Users/leo/Desktop/Laravel/red-packet-laravel10/vendor/guzzlehttp/guzzle/src/Client.php(333): GuzzleHttp\\HandlerStack->__invoke(Object(GuzzleHttp\\Psr7\\Request), Array)
#14 /Users/leo/Desktop/Laravel/red-packet-laravel10/vendor/guzzlehttp/guzzle/src/Client.php(169): GuzzleHttp\\Client->transfer(Object(GuzzleHttp\\Psr7\\Request), Array)
#15 /Users/leo/Desktop/Laravel/red-packet-laravel10/vendor/guzzlehttp/guzzle/src/Client.php(189): GuzzleHttp\\Client->requestAsync('POST', Object(GuzzleHttp\\Psr7\\Uri), Array)
#16 /Users/leo/Desktop/Laravel/red-packet-laravel10/vendor/laravel/framework/src/Illuminate/Http/Client/PendingRequest.php(1053): GuzzleHttp\\Client->request('POST', 'http://localhos...', Array)
#17 /Users/leo/Desktop/Laravel/red-packet-laravel10/vendor/laravel/framework/src/Illuminate/Http/Client/PendingRequest.php(894): Illuminate\\Http\\Client\\PendingRequest->sendRequest('POST', 'http://localhos...', Array)
#18 /Users/leo/Desktop/Laravel/red-packet-laravel10/vendor/laravel/framework/src/Illuminate/Support/helpers.php(261): Illuminate\\Http\\Client\\PendingRequest->{closure:Illuminate\\Http\\Client\\PendingRequest::send():892}(1)
#19 /Users/leo/Desktop/Laravel/red-packet-laravel10/vendor/laravel/framework/src/Illuminate/Http/Client/PendingRequest.php(892): retry(0, Object(Closure), 100, Object(Closure))
#20 /Users/leo/Desktop/Laravel/red-packet-laravel10/vendor/laravel/framework/src/Illuminate/Http/Client/PendingRequest.php(798): Illuminate\\Http\\Client\\PendingRequest->send('POST', 'http://localhos...', Array)
#21 /Users/leo/Desktop/Laravel/red-packet-laravel10/vendor/laravel/framework/src/Illuminate/Http/Client/Factory.php(461): Illuminate\\Http\\Client\\PendingRequest->post('http://localhos...', Array)
#22 /Users/leo/Desktop/Laravel/red-packet-laravel10/vendor/laravel/framework/src/Illuminate/Support/Facades/Facade.php(355): Illuminate\\Http\\Client\\Factory->__call('post', Array)
#23 /Users/leo/Desktop/Laravel/red-packet-laravel10/database/seeders/RedPacketSimulationSeeder.php(14): Illuminate\\Support\\Facades\\Facade::__callStatic('post', Array)
#24 /Users/leo/Desktop/Laravel/red-packet-laravel10/vendor/laravel/framework/src/Illuminate/Container/BoundMethod.php(36): Database\\Seeders\\RedPacketSimulationSeeder->run()
#25 /Users/leo/Desktop/Laravel/red-packet-laravel10/vendor/laravel/framework/src/Illuminate/Container/Util.php(41): Illuminate\\Container\\BoundMethod::{closure:Illuminate\\Container\\BoundMethod::call():35}()
#26 /Users/leo/Desktop/Laravel/red-packet-laravel10/vendor/laravel/framework/src/Illuminate/Container/BoundMethod.php(93): Illuminate\\Container\\Util::unwrapIfClosure(Object(Closure))
#27 /Users/leo/Desktop/Laravel/red-packet-laravel10/vendor/laravel/framework/src/Illuminate/Container/BoundMethod.php(35): Illuminate\\Container\\BoundMethod::callBoundMethod(Object(Illuminate\\Foundation\\Application), Array, Object(Closure))
#28 /Users/leo/Desktop/Laravel/red-packet-laravel10/vendor/laravel/framework/src/Illuminate/Container/Container.php(662): Illuminate\\Container\\BoundMethod::call(Object(Illuminate\\Foundation\\Application), Array, Array, NULL)
#29 /Users/leo/Desktop/Laravel/red-packet-laravel10/vendor/laravel/framework/src/Illuminate/Database/Seeder.php(184): Illuminate\\Container\\Container->call(Array, Array)
#30 /Users/leo/Desktop/Laravel/red-packet-laravel10/vendor/laravel/framework/src/Illuminate/Database/Seeder.php(193): Illuminate\\Database\\Seeder->{closure:Illuminate\\Database\\Seeder::__invoke():183}()
#31 /Users/leo/Desktop/Laravel/red-packet-laravel10/vendor/laravel/framework/src/Illuminate/Database/Seeder.php(61): Illuminate\\Database\\Seeder->__invoke(Array)
#32 /Users/leo/Desktop/Laravel/red-packet-laravel10/database/seeders/DatabaseSeeder.php(15): Illuminate\\Database\\Seeder->call('Database\\\\Seeder...')
#33 /Users/leo/Desktop/Laravel/red-packet-laravel10/vendor/laravel/framework/src/Illuminate/Container/BoundMethod.php(36): Database\\Seeders\\DatabaseSeeder->run()
#34 /Users/leo/Desktop/Laravel/red-packet-laravel10/vendor/laravel/framework/src/Illuminate/Container/Util.php(41): Illuminate\\Container\\BoundMethod::{closure:Illuminate\\Container\\BoundMethod::call():35}()
#35 /Users/leo/Desktop/Laravel/red-packet-laravel10/vendor/laravel/framework/src/Illuminate/Container/BoundMethod.php(93): Illuminate\\Container\\Util::unwrapIfClosure(Object(Closure))
#36 /Users/leo/Desktop/Laravel/red-packet-laravel10/vendor/laravel/framework/src/Illuminate/Container/BoundMethod.php(35): Illuminate\\Container\\BoundMethod::callBoundMethod(Object(Illuminate\\Foundation\\Application), Array, Object(Closure))
#37 /Users/leo/Desktop/Laravel/red-packet-laravel10/vendor/laravel/framework/src/Illuminate/Container/Container.php(662): Illuminate\\Container\\BoundMethod::call(Object(Illuminate\\Foundation\\Application), Array, Array, NULL)
#38 /Users/leo/Desktop/Laravel/red-packet-laravel10/vendor/laravel/framework/src/Illuminate/Database/Seeder.php(184): Illuminate\\Container\\Container->call(Array, Array)
#39 /Users/leo/Desktop/Laravel/red-packet-laravel10/vendor/laravel/framework/src/Illuminate/Database/Seeder.php(193): Illuminate\\Database\\Seeder->{closure:Illuminate\\Database\\Seeder::__invoke():183}()
#40 /Users/leo/Desktop/Laravel/red-packet-laravel10/vendor/laravel/framework/src/Illuminate/Database/Console/Seeds/SeedCommand.php(70): Illuminate\\Database\\Seeder->__invoke()
#41 /Users/leo/Desktop/Laravel/red-packet-laravel10/vendor/laravel/framework/src/Illuminate/Database/Eloquent/Concerns/GuardsAttributes.php(155): Illuminate\\Database\\Console\\Seeds\\SeedCommand->{closure:Illuminate\\Database\\Console\\Seeds\\SeedCommand::handle():69}()
#42 /Users/leo/Desktop/Laravel/red-packet-laravel10/vendor/laravel/framework/src/Illuminate/Database/Console/Seeds/SeedCommand.php(69): Illuminate\\Database\\Eloquent\\Model::unguarded(Object(Closure))
#43 /Users/leo/Desktop/Laravel/red-packet-laravel10/vendor/laravel/framework/src/Illuminate/Container/BoundMethod.php(36): Illuminate\\Database\\Console\\Seeds\\SeedCommand->handle()
#44 /Users/leo/Desktop/Laravel/red-packet-laravel10/vendor/laravel/framework/src/Illuminate/Container/Util.php(41): Illuminate\\Container\\BoundMethod::{closure:Illuminate\\Container\\BoundMethod::call():35}()
#45 /Users/leo/Desktop/Laravel/red-packet-laravel10/vendor/laravel/framework/src/Illuminate/Container/BoundMethod.php(93): Illuminate\\Container\\Util::unwrapIfClosure(Object(Closure))
#46 /Users/leo/Desktop/Laravel/red-packet-laravel10/vendor/laravel/framework/src/Illuminate/Container/BoundMethod.php(35): Illuminate\\Container\\BoundMethod::callBoundMethod(Object(Illuminate\\Foundation\\Application), Array, Object(Closure))
#47 /Users/leo/Desktop/Laravel/red-packet-laravel10/vendor/laravel/framework/src/Illuminate/Container/Container.php(662): Illuminate\\Container\\BoundMethod::call(Object(Illuminate\\Foundation\\Application), Array, Array, NULL)
#48 /Users/leo/Desktop/Laravel/red-packet-laravel10/vendor/laravel/framework/src/Illuminate/Console/Command.php(211): Illuminate\\Container\\Container->call(Array)
#49 /Users/leo/Desktop/Laravel/red-packet-laravel10/vendor/symfony/console/Command/Command.php(326): Illuminate\\Console\\Command->execute(Object(Symfony\\Component\\Console\\Input\\ArgvInput), Object(Illuminate\\Console\\OutputStyle))
#50 /Users/leo/Desktop/Laravel/red-packet-laravel10/vendor/laravel/framework/src/Illuminate/Console/Command.php(180): Symfony\\Component\\Console\\Command\\Command->run(Object(Symfony\\Component\\Console\\Input\\ArgvInput), Object(Illuminate\\Console\\OutputStyle))
#51 /Users/leo/Desktop/Laravel/red-packet-laravel10/vendor/symfony/console/Application.php(1096): Illuminate\\Console\\Command->run(Object(Symfony\\Component\\Console\\Input\\ArgvInput), Object(Symfony\\Component\\Console\\Output\\ConsoleOutput))
#52 /Users/leo/Desktop/Laravel/red-packet-laravel10/vendor/symfony/console/Application.php(324): Symfony\\Component\\Console\\Application->doRunCommand(Object(Illuminate\\Database\\Console\\Seeds\\SeedCommand), Object(Symfony\\Component\\Console\\Input\\ArgvInput), Object(Symfony\\Component\\Console\\Output\\ConsoleOutput))
#53 /Users/leo/Desktop/Laravel/red-packet-laravel10/vendor/symfony/console/Application.php(175): Symfony\\Component\\Console\\Application->doRun(Object(Symfony\\Component\\Console\\Input\\ArgvInput), Object(Symfony\\Component\\Console\\Output\\ConsoleOutput))
#54 /Users/leo/Desktop/Laravel/red-packet-laravel10/vendor/laravel/framework/src/Illuminate/Foundation/Console/Kernel.php(201): Symfony\\Component\\Console\\Application->run(Object(Symfony\\Component\\Console\\Input\\ArgvInput), Object(Symfony\\Component\\Console\\Output\\ConsoleOutput))
#55 /Users/leo/Desktop/Laravel/red-packet-laravel10/artisan(35): Illuminate\\Foundation\\Console\\Kernel->handle(Object(Symfony\\Component\\Console\\Input\\ArgvInput), Object(Symfony\\Component\\Console\\Output\\ConsoleOutput))
#56 {main}
"} 
